This is pdfTeX, Version 3.14159265-2.6-1.40.16 (MiKTeX 2.9) (preloaded format=pdflatex 2016.1.4)  10 JAN 2016 16:43
entering extended mode
**C:/Users/qwerty/ClionProjects/Overlap/freq.tex
(C:/Users/qwerty/ClionProjects/Overlap/freq.tex
LaTeX2e <2015/10/01> patch level 2
Babel <3.9m> and hyphenation patterns for 69 languages loaded.
("C:\Users\qwerty\AppData\Local\Programs\MiKTeX 2.9\tex\latex\base\article.cls"
Document Class: article 2014/09/29 v1.4h Standard LaTeX document class
("C:\Users\qwerty\AppData\Local\Programs\MiKTeX 2.9\tex\latex\base\size12.clo"
File: size12.clo 2014/09/29 v1.4h Standard LaTeX file (size option)
)
\c@part=\count79
\c@section=\count80
\c@subsection=\count81
\c@subsubsection=\count82
\c@paragraph=\count83
\c@subparagraph=\count84
\c@figure=\count85
\c@table=\count86
\abovecaptionskip=\skip41
\belowcaptionskip=\skip42
\bibindent=\dimen102
)
("C:\Users\qwerty\AppData\Local\Programs\MiKTeX 2.9\tex\generic\babel\babel.sty
"
Package: babel 2015/08/03 3.9m The Babel package

*************************************
* Local config file bblopts.cfg used
*

("C:\Users\qwerty\AppData\Local\Programs\MiKTeX 2.9\tex\latex\00miktex\bblopts.
cfg"
File: bblopts.cfg 2006/07/31 v1.0 MiKTeX 'babel' configuration
)
("C:\Users\qwerty\AppData\Local\Programs\MiKTeX 2.9\tex\latex\babel-czech\czech
.ldf"
Language: czech 2008/07/06 v3.1a Czech support from the babel system

("C:\Users\qwerty\AppData\Local\Programs\MiKTeX 2.9\tex\generic\babel\babel.def
"
File: babel.def 2015/08/03 3.9m Babel common definitions
\babel@savecnt=\count87
\U@D=\dimen103
)
Package babel Info: Making " an active character on input line 172.
\cs@wordlen=\count88
Package babel Info: Making - an active character on input line 226.
))
("C:\Users\qwerty\AppData\Local\Programs\MiKTeX 2.9\tex\latex\base\inputenc.sty
"
Package: inputenc 2015/03/17 v1.2c Input encoding file
\inpenc@prehook=\toks14
\inpenc@posthook=\toks15
 ("C:\Users\qwerty\AppData\Local\Programs\MiKTeX 2.9\tex\latex\ucs\utf8x.def"
File: utf8x.def 2004/10/17 UCS: Input encoding UTF-8
)) ("C:\Users\qwerty\AppData\Local\Programs\MiKTeX 2.9\tex\latex\ucs\ucs.sty"
Package: ucs 2013/05/11 v2.2 UCS: Unicode input support

("C:\Users\qwerty\AppData\Local\Programs\MiKTeX 2.9\tex\latex\ucs\uni-global.de
f"
File: uni-global.def 2013/05/13 UCS: Unicode global data
)
\uc@secondtry=\count89
\uc@combtoks=\toks16
\uc@combtoksb=\toks17
\uc@temptokena=\toks18
)
("C:\Users\qwerty\AppData\Local\Programs\MiKTeX 2.9\tex\latex\base\fontenc.sty"
Package: fontenc 2005/09/27 v1.99g Standard LaTeX package
("C:\Users\qwerty\AppData\Local\Programs\MiKTeX 2.9\tex\latex\base\t1enc.def"
File: t1enc.def 2005/09/27 v1.99g Standard LaTeX file
LaTeX Font Info:    Redeclaring font encoding T1 on input line 48.
)) ("C:\Users\qwerty\AppData\Local\Programs\MiKTeX 2.9\tex\latex\lm\lmodern.sty
"
Package: lmodern 2009/10/30 v1.6 Latin Modern Fonts
LaTeX Font Info:    Overwriting symbol font `operators' in version `normal'
(Font)                  OT1/cmr/m/n --> OT1/lmr/m/n on input line 22.
LaTeX Font Info:    Overwriting symbol font `letters' in version `normal'
(Font)                  OML/cmm/m/it --> OML/lmm/m/it on input line 23.
LaTeX Font Info:    Overwriting symbol font `symbols' in version `normal'
(Font)                  OMS/cmsy/m/n --> OMS/lmsy/m/n on input line 24.
LaTeX Font Info:    Overwriting symbol font `largesymbols' in version `normal'
(Font)                  OMX/cmex/m/n --> OMX/lmex/m/n on input line 25.
LaTeX Font Info:    Overwriting symbol font `operators' in version `bold'
(Font)                  OT1/cmr/bx/n --> OT1/lmr/bx/n on input line 26.
LaTeX Font Info:    Overwriting symbol font `letters' in version `bold'
(Font)                  OML/cmm/b/it --> OML/lmm/b/it on input line 27.
LaTeX Font Info:    Overwriting symbol font `symbols' in version `bold'
(Font)                  OMS/cmsy/b/n --> OMS/lmsy/b/n on input line 28.
LaTeX Font Info:    Overwriting symbol font `largesymbols' in version `bold'
(Font)                  OMX/cmex/m/n --> OMX/lmex/m/n on input line 29.
LaTeX Font Info:    Overwriting math alphabet `\mathbf' in version `normal'
(Font)                  OT1/cmr/bx/n --> OT1/lmr/bx/n on input line 31.
LaTeX Font Info:    Overwriting math alphabet `\mathsf' in version `normal'
(Font)                  OT1/cmss/m/n --> OT1/lmss/m/n on input line 32.
LaTeX Font Info:    Overwriting math alphabet `\mathit' in version `normal'
(Font)                  OT1/cmr/m/it --> OT1/lmr/m/it on input line 33.
LaTeX Font Info:    Overwriting math alphabet `\mathtt' in version `normal'
(Font)                  OT1/cmtt/m/n --> OT1/lmtt/m/n on input line 34.
LaTeX Font Info:    Overwriting math alphabet `\mathbf' in version `bold'
(Font)                  OT1/cmr/bx/n --> OT1/lmr/bx/n on input line 35.
LaTeX Font Info:    Overwriting math alphabet `\mathsf' in version `bold'
(Font)                  OT1/cmss/bx/n --> OT1/lmss/bx/n on input line 36.
LaTeX Font Info:    Overwriting math alphabet `\mathit' in version `bold'
(Font)                  OT1/cmr/bx/it --> OT1/lmr/bx/it on input line 37.
LaTeX Font Info:    Overwriting math alphabet `\mathtt' in version `bold'
(Font)                  OT1/cmtt/m/n --> OT1/lmtt/m/n on input line 38.
)
("C:\Users\qwerty\AppData\Local\Programs\MiKTeX 2.9\tex\latex\geometry\geometry
.sty"
Package: geometry 2010/09/12 v5.6 Page Geometry

("C:\Users\qwerty\AppData\Local\Programs\MiKTeX 2.9\tex\latex\graphics\keyval.s
ty"
Package: keyval 2014/10/28 v1.15 key=value parser (DPC)
\KV@toks@=\toks19
)
("C:\Users\qwerty\AppData\Local\Programs\MiKTeX 2.9\tex\generic\oberdiek\ifpdf.
sty"
Package: ifpdf 2011/01/30 v2.3 Provides the ifpdf switch (HO)
Package ifpdf Info: pdfTeX in PDF mode is detected.
)
("C:\Users\qwerty\AppData\Local\Programs\MiKTeX 2.9\tex\generic\oberdiek\ifvtex
.sty"
Package: ifvtex 2010/03/01 v1.5 Detect VTeX and its facilities (HO)
Package ifvtex Info: VTeX not detected.
)
("C:\Users\qwerty\AppData\Local\Programs\MiKTeX 2.9\tex\generic\ifxetex\ifxetex
.sty"
Package: ifxetex 2010/09/12 v0.6 Provides ifxetex conditional
)
\Gm@cnth=\count90
\Gm@cntv=\count91
\c@Gm@tempcnt=\count92
\Gm@bindingoffset=\dimen104
\Gm@wd@mp=\dimen105
\Gm@odd@mp=\dimen106
\Gm@even@mp=\dimen107
\Gm@layoutwidth=\dimen108
\Gm@layoutheight=\dimen109
\Gm@layouthoffset=\dimen110
\Gm@layoutvoffset=\dimen111
\Gm@dimlist=\toks20

("C:\Users\qwerty\AppData\Local\Programs\MiKTeX 2.9\tex\latex\geometry\geometry
.cfg"))
("C:\Users\qwerty\AppData\Local\Programs\MiKTeX 2.9\tex\latex\amsmath\amsmath.s
ty"
Package: amsmath 2013/01/14 v2.14 AMS math features
\@mathmargin=\skip43

For additional information on amsmath, use the `?' option.

("C:\Users\qwerty\AppData\Local\Programs\MiKTeX 2.9\tex\latex\amsmath\amstext.s
ty"
Package: amstext 2000/06/29 v2.01

("C:\Users\qwerty\AppData\Local\Programs\MiKTeX 2.9\tex\latex\amsmath\amsgen.st
y"
File: amsgen.sty 1999/11/30 v2.0
\@emptytoks=\toks21
\ex@=\dimen112
))
("C:\Users\qwerty\AppData\Local\Programs\MiKTeX 2.9\tex\latex\amsmath\amsbsy.st
y"
Package: amsbsy 1999/11/29 v1.2d
\pmbraise@=\dimen113
)
("C:\Users\qwerty\AppData\Local\Programs\MiKTeX 2.9\tex\latex\amsmath\amsopn.st
y"
Package: amsopn 1999/12/14 v2.01 operator names
)
\inf@bad=\count93
LaTeX Info: Redefining \frac on input line 210.
\uproot@=\count94
\leftroot@=\count95
LaTeX Info: Redefining \overline on input line 306.
\classnum@=\count96
\DOTSCASE@=\count97
LaTeX Info: Redefining \ldots on input line 378.
LaTeX Info: Redefining \dots on input line 381.
LaTeX Info: Redefining \cdots on input line 466.
\Mathstrutbox@=\box26
\strutbox@=\box27
\big@size=\dimen114
LaTeX Font Info:    Redeclaring font encoding OML on input line 566.
LaTeX Font Info:    Redeclaring font encoding OMS on input line 567.
\macc@depth=\count98
\c@MaxMatrixCols=\count99
\dotsspace@=\muskip10
\c@parentequation=\count100
\dspbrk@lvl=\count101
\tag@help=\toks22
\row@=\count102
\column@=\count103
\maxfields@=\count104
\andhelp@=\toks23
\eqnshift@=\dimen115
\alignsep@=\dimen116
\tagshift@=\dimen117
\tagwidth@=\dimen118
\totwidth@=\dimen119
\lineht@=\dimen120
\@envbody=\toks24
\multlinegap=\skip44
\multlinetaggap=\skip45
\mathdisplay@stack=\toks25
LaTeX Info: Redefining \[ on input line 2665.
LaTeX Info: Redefining \] on input line 2666.
)
("C:\Users\qwerty\AppData\Local\Programs\MiKTeX 2.9\tex\latex\graphics\graphicx
.sty"
Package: graphicx 2014/10/28 v1.0g Enhanced LaTeX Graphics (DPC,SPQR)

("C:\Users\qwerty\AppData\Local\Programs\MiKTeX 2.9\tex\latex\graphics\graphics
.sty"
Package: graphics 2014/10/28 v1.0p Standard LaTeX Graphics (DPC,SPQR)

("C:\Users\qwerty\AppData\Local\Programs\MiKTeX 2.9\tex\latex\graphics\trig.sty
"
Package: trig 1999/03/16 v1.09 sin cos tan (DPC)
)
("C:\Users\qwerty\AppData\Local\Programs\MiKTeX 2.9\tex\latex\00miktex\graphics
.cfg"
File: graphics.cfg 2007/01/18 v1.5 graphics configuration of teTeX/TeXLive
)
Package graphics Info: Driver file: pdftex.def on input line 94.

("C:\Users\qwerty\AppData\Local\Programs\MiKTeX 2.9\tex\latex\pdftex-def\pdftex
.def"
File: pdftex.def 2011/05/27 v0.06d Graphics/color for pdfTeX

("C:\Users\qwerty\AppData\Local\Programs\MiKTeX 2.9\tex\generic\oberdiek\infwar
err.sty"
Package: infwarerr 2010/04/08 v1.3 Providing info/warning/error messages (HO)
)
("C:\Users\qwerty\AppData\Local\Programs\MiKTeX 2.9\tex\generic\oberdiek\ltxcmd
s.sty"
Package: ltxcmds 2011/11/09 v1.22 LaTeX kernel commands for general use (HO)
)
\Gread@gobject=\count105
))
\Gin@req@height=\dimen121
\Gin@req@width=\dimen122
)
("C:\Users\qwerty\AppData\Local\Programs\MiKTeX 2.9\tex\latex\tools\verbatim.st
y"
Package: verbatim 2014/10/28 v1.5q LaTeX2e package for verbatim enhancements
\every@verbatim=\toks26
\verbatim@line=\toks27
\verbatim@in@stream=\read1
)
("C:\Users\qwerty\AppData\Local\Programs\MiKTeX 2.9\tex\latex\todonotes\todonot
es.sty"
Package: todonotes 2015/07/09 .dtx Todonotes source and documentation.
Package: todonotes 2012/07/25

("C:\Users\qwerty\AppData\Local\Programs\MiKTeX 2.9\tex\latex\base\ifthen.sty"
Package: ifthen 2014/09/29 v1.1c Standard LaTeX ifthen package (DPC)
)
("C:\Users\qwerty\AppData\Local\Programs\MiKTeX 2.9\tex\latex\xkeyval\xkeyval.s
ty"
Package: xkeyval 2014/12/03 v2.7a package option processing (HA)

("C:\Users\qwerty\AppData\Local\Programs\MiKTeX 2.9\tex\generic\xkeyval\xkeyval
.tex"
("C:\Users\qwerty\AppData\Local\Programs\MiKTeX 2.9\tex\generic\xkeyval\xkvutil
s.tex"
\XKV@toks=\toks28
\XKV@tempa@toks=\toks29
)
\XKV@depth=\count106
File: xkeyval.tex 2014/12/03 v2.7a key=value parser (HA)
))
("C:\Users\qwerty\AppData\Local\Programs\MiKTeX 2.9\tex\latex\xcolor\xcolor.sty
"
Package: xcolor 2007/01/21 v2.11 LaTeX color extensions (UK)

("C:\Users\qwerty\AppData\Local\Programs\MiKTeX 2.9\tex\latex\00miktex\color.cf
g"
File: color.cfg 2007/01/18 v1.5 color configuration of teTeX/TeXLive
)
Package xcolor Info: Driver file: pdftex.def on input line 225.
Package xcolor Info: Model `cmy' substituted by `cmy0' on input line 1337.
Package xcolor Info: Model `hsb' substituted by `rgb' on input line 1341.
Package xcolor Info: Model `RGB' extended on input line 1353.
Package xcolor Info: Model `HTML' substituted by `rgb' on input line 1355.
Package xcolor Info: Model `Hsb' substituted by `hsb' on input line 1356.
Package xcolor Info: Model `tHsb' substituted by `hsb' on input line 1357.
Package xcolor Info: Model `HSB' substituted by `hsb' on input line 1358.
Package xcolor Info: Model `Gray' substituted by `gray' on input line 1359.
Package xcolor Info: Model `wave' substituted by `hsb' on input line 1360.
)
("C:\Users\qwerty\AppData\Local\Programs\MiKTeX 2.9\tex\latex\pgf\frontendlayer
\tikz.sty"
("C:\Users\qwerty\AppData\Local\Programs\MiKTeX 2.9\tex\latex\pgf\basiclayer\pg
f.sty"
("C:\Users\qwerty\AppData\Local\Programs\MiKTeX 2.9\tex\latex\pgf\utilities\pgf
rcs.sty"
("C:\Users\qwerty\AppData\Local\Programs\MiKTeX 2.9\tex\generic\pgf\utilities\p
gfutil-common.tex"
\pgfutil@everybye=\toks30
\pgfutil@tempdima=\dimen123
\pgfutil@tempdimb=\dimen124

("C:\Users\qwerty\AppData\Local\Programs\MiKTeX 2.9\tex\generic\pgf\utilities\p
gfutil-common-lists.tex"))
("C:\Users\qwerty\AppData\Local\Programs\MiKTeX 2.9\tex\generic\pgf\utilities\p
gfutil-latex.def"
\pgfutil@abb=\box28

("C:\Users\qwerty\AppData\Local\Programs\MiKTeX 2.9\tex\latex\ms\everyshi.sty"
Package: everyshi 2001/05/15 v3.00 EveryShipout Package (MS)
))
("C:\Users\qwerty\AppData\Local\Programs\MiKTeX 2.9\tex\generic\pgf\utilities\p
gfrcs.code.tex"
Package: pgfrcs 2015/08/07 v3.0.1a (rcs-revision 1.31)
))
Package: pgf 2015/08/07 v3.0.1a (rcs-revision 1.15)

("C:\Users\qwerty\AppData\Local\Programs\MiKTeX 2.9\tex\latex\pgf\basiclayer\pg
fcore.sty"
("C:\Users\qwerty\AppData\Local\Programs\MiKTeX 2.9\tex\latex\pgf\systemlayer\p
gfsys.sty"
("C:\Users\qwerty\AppData\Local\Programs\MiKTeX 2.9\tex\generic\pgf\systemlayer
\pgfsys.code.tex"
Package: pgfsys 2014/07/09 v3.0.1a (rcs-revision 1.48)

("C:\Users\qwerty\AppData\Local\Programs\MiKTeX 2.9\tex\generic\pgf\utilities\p
gfkeys.code.tex"
\pgfkeys@pathtoks=\toks31
\pgfkeys@temptoks=\toks32

("C:\Users\qwerty\AppData\Local\Programs\MiKTeX 2.9\tex\generic\pgf\utilities\p
gfkeysfiltered.code.tex"
\pgfkeys@tmptoks=\toks33
))
\pgf@x=\dimen125
\pgf@y=\dimen126
\pgf@xa=\dimen127
\pgf@ya=\dimen128
\pgf@xb=\dimen129
\pgf@yb=\dimen130
\pgf@xc=\dimen131
\pgf@yc=\dimen132
\w@pgf@writea=\write3
\r@pgf@reada=\read2
\c@pgf@counta=\count107
\c@pgf@countb=\count108
\c@pgf@countc=\count109
\c@pgf@countd=\count110
\t@pgf@toka=\toks34
\t@pgf@tokb=\toks35
\t@pgf@tokc=\toks36

("C:\Users\qwerty\AppData\Local\Programs\MiKTeX 2.9\tex\generic\pgf\systemlayer
\pgf.cfg"
File: pgf.cfg 2008/05/14  (rcs-revision 1.7)
)
Driver file for pgf: pgfsys-pdftex.def

("C:\Users\qwerty\AppData\Local\Programs\MiKTeX 2.9\tex\generic\pgf\systemlayer
\pgfsys-pdftex.def"
File: pgfsys-pdftex.def 2014/10/11  (rcs-revision 1.35)

("C:\Users\qwerty\AppData\Local\Programs\MiKTeX 2.9\tex\generic\pgf\systemlayer
\pgfsys-common-pdf.def"
File: pgfsys-common-pdf.def 2013/10/10  (rcs-revision 1.13)
)))
("C:\Users\qwerty\AppData\Local\Programs\MiKTeX 2.9\tex\generic\pgf\systemlayer
\pgfsyssoftpath.code.tex"
File: pgfsyssoftpath.code.tex 2013/09/09  (rcs-revision 1.9)
\pgfsyssoftpath@smallbuffer@items=\count111
\pgfsyssoftpath@bigbuffer@items=\count112
)
("C:\Users\qwerty\AppData\Local\Programs\MiKTeX 2.9\tex\generic\pgf\systemlayer
\pgfsysprotocol.code.tex"
File: pgfsysprotocol.code.tex 2006/10/16  (rcs-revision 1.4)
))
("C:\Users\qwerty\AppData\Local\Programs\MiKTeX 2.9\tex\generic\pgf\basiclayer\
pgfcore.code.tex"
Package: pgfcore 2010/04/11 v3.0.1a (rcs-revision 1.7)

("C:\Users\qwerty\AppData\Local\Programs\MiKTeX 2.9\tex\generic\pgf\math\pgfmat
h.code.tex"
("C:\Users\qwerty\AppData\Local\Programs\MiKTeX 2.9\tex\generic\pgf\math\pgfmat
hcalc.code.tex"
("C:\Users\qwerty\AppData\Local\Programs\MiKTeX 2.9\tex\generic\pgf\math\pgfmat
hutil.code.tex")
("C:\Users\qwerty\AppData\Local\Programs\MiKTeX 2.9\tex\generic\pgf\math\pgfmat
hparser.code.tex"
\pgfmath@dimen=\dimen133
\pgfmath@count=\count113
\pgfmath@box=\box29
\pgfmath@toks=\toks37
\pgfmath@stack@operand=\toks38
\pgfmath@stack@operation=\toks39
)
("C:\Users\qwerty\AppData\Local\Programs\MiKTeX 2.9\tex\generic\pgf\math\pgfmat
hfunctions.code.tex"
("C:\Users\qwerty\AppData\Local\Programs\MiKTeX 2.9\tex\generic\pgf\math\pgfmat
hfunctions.basic.code.tex")
("C:\Users\qwerty\AppData\Local\Programs\MiKTeX 2.9\tex\generic\pgf\math\pgfmat
hfunctions.trigonometric.code.tex")
("C:\Users\qwerty\AppData\Local\Programs\MiKTeX 2.9\tex\generic\pgf\math\pgfmat
hfunctions.random.code.tex")
("C:\Users\qwerty\AppData\Local\Programs\MiKTeX 2.9\tex\generic\pgf\math\pgfmat
hfunctions.comparison.code.tex")
("C:\Users\qwerty\AppData\Local\Programs\MiKTeX 2.9\tex\generic\pgf\math\pgfmat
hfunctions.base.code.tex")
("C:\Users\qwerty\AppData\Local\Programs\MiKTeX 2.9\tex\generic\pgf\math\pgfmat
hfunctions.round.code.tex")
("C:\Users\qwerty\AppData\Local\Programs\MiKTeX 2.9\tex\generic\pgf\math\pgfmat
hfunctions.misc.code.tex")
("C:\Users\qwerty\AppData\Local\Programs\MiKTeX 2.9\tex\generic\pgf\math\pgfmat
hfunctions.integerarithmetics.code.tex")))
("C:\Users\qwerty\AppData\Local\Programs\MiKTeX 2.9\tex\generic\pgf\math\pgfmat
hfloat.code.tex"
\c@pgfmathroundto@lastzeros=\count114
))
("C:\Users\qwerty\AppData\Local\Programs\MiKTeX 2.9\tex\generic\pgf\basiclayer\
pgfcorepoints.code.tex"
File: pgfcorepoints.code.tex 2013/10/07  (rcs-revision 1.27)
\pgf@picminx=\dimen134
\pgf@picmaxx=\dimen135
\pgf@picminy=\dimen136
\pgf@picmaxy=\dimen137
\pgf@pathminx=\dimen138
\pgf@pathmaxx=\dimen139
\pgf@pathminy=\dimen140
\pgf@pathmaxy=\dimen141
\pgf@xx=\dimen142
\pgf@xy=\dimen143
\pgf@yx=\dimen144
\pgf@yy=\dimen145
\pgf@zx=\dimen146
\pgf@zy=\dimen147
)
("C:\Users\qwerty\AppData\Local\Programs\MiKTeX 2.9\tex\generic\pgf\basiclayer\
pgfcorepathconstruct.code.tex"
File: pgfcorepathconstruct.code.tex 2013/10/07  (rcs-revision 1.29)
\pgf@path@lastx=\dimen148
\pgf@path@lasty=\dimen149
)
("C:\Users\qwerty\AppData\Local\Programs\MiKTeX 2.9\tex\generic\pgf\basiclayer\
pgfcorepathusage.code.tex"
File: pgfcorepathusage.code.tex 2014/11/02  (rcs-revision 1.24)
\pgf@shorten@end@additional=\dimen150
\pgf@shorten@start@additional=\dimen151
)
("C:\Users\qwerty\AppData\Local\Programs\MiKTeX 2.9\tex\generic\pgf\basiclayer\
pgfcorescopes.code.tex"
File: pgfcorescopes.code.tex 2015/05/08  (rcs-revision 1.46)
\pgfpic=\box30
\pgf@hbox=\box31
\pgf@layerbox@main=\box32
\pgf@picture@serial@count=\count115
)
("C:\Users\qwerty\AppData\Local\Programs\MiKTeX 2.9\tex\generic\pgf\basiclayer\
pgfcoregraphicstate.code.tex"
File: pgfcoregraphicstate.code.tex 2014/11/02  (rcs-revision 1.12)
\pgflinewidth=\dimen152
)
("C:\Users\qwerty\AppData\Local\Programs\MiKTeX 2.9\tex\generic\pgf\basiclayer\
pgfcoretransformations.code.tex"
File: pgfcoretransformations.code.tex 2015/08/07  (rcs-revision 1.20)
\pgf@pt@x=\dimen153
\pgf@pt@y=\dimen154
\pgf@pt@temp=\dimen155
)
("C:\Users\qwerty\AppData\Local\Programs\MiKTeX 2.9\tex\generic\pgf\basiclayer\
pgfcorequick.code.tex"
File: pgfcorequick.code.tex 2008/10/09  (rcs-revision 1.3)
)
("C:\Users\qwerty\AppData\Local\Programs\MiKTeX 2.9\tex\generic\pgf\basiclayer\
pgfcoreobjects.code.tex"
File: pgfcoreobjects.code.tex 2006/10/11  (rcs-revision 1.2)
)
("C:\Users\qwerty\AppData\Local\Programs\MiKTeX 2.9\tex\generic\pgf\basiclayer\
pgfcorepathprocessing.code.tex"
File: pgfcorepathprocessing.code.tex 2013/09/09  (rcs-revision 1.9)
)
("C:\Users\qwerty\AppData\Local\Programs\MiKTeX 2.9\tex\generic\pgf\basiclayer\
pgfcorearrows.code.tex"
File: pgfcorearrows.code.tex 2015/05/14  (rcs-revision 1.43)
\pgfarrowsep=\dimen156
)
("C:\Users\qwerty\AppData\Local\Programs\MiKTeX 2.9\tex\generic\pgf\basiclayer\
pgfcoreshade.code.tex"
File: pgfcoreshade.code.tex 2013/07/15  (rcs-revision 1.15)
\pgf@max=\dimen157
\pgf@sys@shading@range@num=\count116
)
("C:\Users\qwerty\AppData\Local\Programs\MiKTeX 2.9\tex\generic\pgf\basiclayer\
pgfcoreimage.code.tex"
File: pgfcoreimage.code.tex 2013/07/15  (rcs-revision 1.18)

("C:\Users\qwerty\AppData\Local\Programs\MiKTeX 2.9\tex\generic\pgf\basiclayer\
pgfcoreexternal.code.tex"
File: pgfcoreexternal.code.tex 2014/07/09  (rcs-revision 1.21)
\pgfexternal@startupbox=\box33
))
("C:\Users\qwerty\AppData\Local\Programs\MiKTeX 2.9\tex\generic\pgf\basiclayer\
pgfcorelayers.code.tex"
File: pgfcorelayers.code.tex 2013/07/18  (rcs-revision 1.7)
)
("C:\Users\qwerty\AppData\Local\Programs\MiKTeX 2.9\tex\generic\pgf\basiclayer\
pgfcoretransparency.code.tex"
File: pgfcoretransparency.code.tex 2013/09/30  (rcs-revision 1.5)
)
("C:\Users\qwerty\AppData\Local\Programs\MiKTeX 2.9\tex\generic\pgf\basiclayer\
pgfcorepatterns.code.tex"
File: pgfcorepatterns.code.tex 2013/11/07  (rcs-revision 1.5)
)))
("C:\Users\qwerty\AppData\Local\Programs\MiKTeX 2.9\tex\generic\pgf\modules\pgf
moduleshapes.code.tex"
File: pgfmoduleshapes.code.tex 2014/03/21  (rcs-revision 1.35)
\pgfnodeparttextbox=\box34
)
("C:\Users\qwerty\AppData\Local\Programs\MiKTeX 2.9\tex\generic\pgf\modules\pgf
moduleplot.code.tex"
File: pgfmoduleplot.code.tex 2015/08/03  (rcs-revision 1.13)
)
("C:\Users\qwerty\AppData\Local\Programs\MiKTeX 2.9\tex\latex\pgf\compatibility
\pgfcomp-version-0-65.sty"
Package: pgfcomp-version-0-65 2007/07/03 v3.0.1a (rcs-revision 1.7)
\pgf@nodesepstart=\dimen158
\pgf@nodesepend=\dimen159
)
("C:\Users\qwerty\AppData\Local\Programs\MiKTeX 2.9\tex\latex\pgf\compatibility
\pgfcomp-version-1-18.sty"
Package: pgfcomp-version-1-18 2007/07/23 v3.0.1a (rcs-revision 1.1)
))
("C:\Users\qwerty\AppData\Local\Programs\MiKTeX 2.9\tex\latex\pgf\utilities\pgf
for.sty"
("C:\Users\qwerty\AppData\Local\Programs\MiKTeX 2.9\tex\latex\pgf\utilities\pgf
keys.sty"
("C:\Users\qwerty\AppData\Local\Programs\MiKTeX 2.9\tex\generic\pgf\utilities\p
gfkeys.code.tex"))
("C:\Users\qwerty\AppData\Local\Programs\MiKTeX 2.9\tex\latex\pgf\math\pgfmath.
sty"
("C:\Users\qwerty\AppData\Local\Programs\MiKTeX 2.9\tex\generic\pgf\math\pgfmat
h.code.tex"))
("C:\Users\qwerty\AppData\Local\Programs\MiKTeX 2.9\tex\generic\pgf\utilities\p
gffor.code.tex"
Package: pgffor 2013/12/13 v3.0.1a (rcs-revision 1.25)

("C:\Users\qwerty\AppData\Local\Programs\MiKTeX 2.9\tex\generic\pgf\math\pgfmat
h.code.tex")
\pgffor@iter=\dimen160
\pgffor@skip=\dimen161
\pgffor@stack=\toks40
\pgffor@toks=\toks41
))
("C:\Users\qwerty\AppData\Local\Programs\MiKTeX 2.9\tex\generic\pgf\frontendlay
er\tikz\tikz.code.tex"
Package: tikz 2015/08/07 v3.0.1a (rcs-revision 1.151)

("C:\Users\qwerty\AppData\Local\Programs\MiKTeX 2.9\tex\generic\pgf\libraries\p
gflibraryplothandlers.code.tex"
File: pgflibraryplothandlers.code.tex 2013/08/31 v3.0.1a (rcs-revision 1.20)
\pgf@plot@mark@count=\count117
\pgfplotmarksize=\dimen162
)
\tikz@lastx=\dimen163
\tikz@lasty=\dimen164
\tikz@lastxsaved=\dimen165
\tikz@lastysaved=\dimen166
\tikzleveldistance=\dimen167
\tikzsiblingdistance=\dimen168
\tikz@figbox=\box35
\tikz@figbox@bg=\box36
\tikz@tempbox=\box37
\tikz@tempbox@bg=\box38
\tikztreelevel=\count118
\tikznumberofchildren=\count119
\tikznumberofcurrentchild=\count120
\tikz@fig@count=\count121

("C:\Users\qwerty\AppData\Local\Programs\MiKTeX 2.9\tex\generic\pgf\modules\pgf
modulematrix.code.tex"
File: pgfmodulematrix.code.tex 2013/09/17  (rcs-revision 1.8)
\pgfmatrixcurrentrow=\count122
\pgfmatrixcurrentcolumn=\count123
\pgf@matrix@numberofcolumns=\count124
)
\tikz@expandcount=\count125

("C:\Users\qwerty\AppData\Local\Programs\MiKTeX 2.9\tex\generic\pgf\frontendlay
er\tikz\libraries\tikzlibrarytopaths.code.tex"
File: tikzlibrarytopaths.code.tex 2008/06/17 v3.0.1a (rcs-revision 1.2)
)))
("C:\Users\qwerty\AppData\Local\Programs\MiKTeX 2.9\tex\generic\pgf\frontendlay
er\tikz\libraries\tikzlibrarypositioning.code.tex"
File: tikzlibrarypositioning.code.tex 2008/10/06 v3.0.1a (rcs-revision 1.7)
)
("C:\Users\qwerty\AppData\Local\Programs\MiKTeX 2.9\tex\latex\tools\calc.sty"
Package: calc 2014/10/28 v4.3 Infix arithmetic (KKT,FJ)
\calc@Acount=\count126
\calc@Bcount=\count127
\calc@Adimen=\dimen169
\calc@Bdimen=\dimen170
\calc@Askip=\skip46
\calc@Bskip=\skip47
LaTeX Info: Redefining \setlength on input line 80.
LaTeX Info: Redefining \addtolength on input line 81.
\calc@Ccount=\count128
\calc@Cskip=\skip48
)
\c@@todonotes@numberoftodonotes=\count129
) (freq.aux)
\openout1 = `freq.aux'.

LaTeX Font Info:    Checking defaults for OML/cmm/m/it on input line 19.
LaTeX Font Info:    ... okay on input line 19.
LaTeX Font Info:    Checking defaults for T1/cmr/m/n on input line 19.
LaTeX Font Info:    ... okay on input line 19.
LaTeX Font Info:    Checking defaults for OT1/cmr/m/n on input line 19.
LaTeX Font Info:    ... okay on input line 19.
LaTeX Font Info:    Checking defaults for OMS/cmsy/m/n on input line 19.
LaTeX Font Info:    ... okay on input line 19.
LaTeX Font Info:    Checking defaults for OMX/cmex/m/n on input line 19.
LaTeX Font Info:    ... okay on input line 19.
LaTeX Font Info:    Checking defaults for U/cmr/m/n on input line 19.
LaTeX Font Info:    ... okay on input line 19.
LaTeX Font Info:    Try loading font information for T1+lmr on input line 19.

("C:\Users\qwerty\AppData\Local\Programs\MiKTeX 2.9\tex\latex\lm\t1lmr.fd"
File: t1lmr.fd 2009/10/30 v1.6 Font defs for Latin Modern
)
("C:\Users\qwerty\AppData\Local\Programs\MiKTeX 2.9\tex\latex\ucs\ucsencs.def"
File: ucsencs.def 2011/01/21 Fixes to fontencodings LGR, T3
)
*geometry* driver: auto-detecting
*geometry* detected driver: pdftex
*geometry* verbose mode - [ preamble ] result:
* driver: pdftex
* paper: a4paper
* layout: <same size as paper>
* layoutoffset:(h,v)=(0.0pt,0.0pt)
* modes: 
* h-part:(L,W,R)=(99.58464pt, 398.33858pt, 99.58466pt)
* v-part:(T,H,B)=(105.27519pt, 597.50787pt, 142.26378pt)
* \paperwidth=597.50787pt
* \paperheight=845.04684pt
* \textwidth=398.33858pt
* \textheight=597.50787pt
* \oddsidemargin=27.31465pt
* \evensidemargin=27.31465pt
* \topmargin=-3.9948pt
* \headheight=12.0pt
* \headsep=25.0pt
* \topskip=12.0pt
* \footskip=30.0pt
* \marginparwidth=35.0pt
* \marginparsep=10.0pt
* \columnsep=10.0pt
* \skip\footins=10.8pt plus 4.0pt minus 2.0pt
* \hoffset=0.0pt
* \voffset=0.0pt
* \mag=1000
* \@twocolumnfalse
* \@twosidefalse
* \@mparswitchfalse
* \@reversemarginfalse
* (1in=72.27pt=25.4mm, 1cm=28.453pt)


("C:\Users\qwerty\AppData\Local\Programs\MiKTeX 2.9\tex\context\base\supp-pdf.m
kii"
[Loading MPS to PDF converter (version 2006.09.02).]
\scratchcounter=\count130
\scratchdimen=\dimen171
\scratchbox=\box39
\nofMPsegments=\count131
\nofMParguments=\count132
\everyMPshowfont=\toks42
\MPscratchCnt=\count133
\MPscratchDim=\dimen172
\MPnumerator=\count134
\makeMPintoPDFobject=\count135
\everyMPtoPDFconversion=\toks43
) ABD: EveryShipout initializing macros (titlepage.tex
<pics/favlogo.pdf, id=4, 128.9007pt x 76.92326pt>
File: pics/favlogo.pdf Graphic file (type pdf)
 <use pics/favlogo.pdf>
Package pdftex.def Info: pics/favlogo.pdf used on input line 3.
(pdftex.def)             Requested size: 170.71652pt x 101.88406pt.

("C:\Users\qwerty\AppData\Local\Programs\MiKTeX 2.9\tex\latex\ucs\uni-1.def"
File: uni-1.def 2013/05/13 UCS: Unicode data U+0100..U+01FF
)
("C:\Users\qwerty\AppData\Local\Programs\MiKTeX 2.9\tex\latex\ucs\uni-0.def"
File: uni-0.def 2013/05/13 UCS: Unicode data U+0000..U+00FF
)
LaTeX Font Info:    Try loading font information for OT1+lmr on input line 19.

("C:\Users\qwerty\AppData\Local\Programs\MiKTeX 2.9\tex\latex\lm\ot1lmr.fd"
File: ot1lmr.fd 2009/10/30 v1.6 Font defs for Latin Modern
)
LaTeX Font Info:    Try loading font information for OML+lmm on input line 19.

("C:\Users\qwerty\AppData\Local\Programs\MiKTeX 2.9\tex\latex\lm\omllmm.fd"
File: omllmm.fd 2009/10/30 v1.6 Font defs for Latin Modern
)
LaTeX Font Info:    Try loading font information for OMS+lmsy on input line 19.


("C:\Users\qwerty\AppData\Local\Programs\MiKTeX 2.9\tex\latex\lm\omslmsy.fd"
File: omslmsy.fd 2009/10/30 v1.6 Font defs for Latin Modern
)
LaTeX Font Info:    Try loading font information for OMX+lmex on input line 19.


("C:\Users\qwerty\AppData\Local\Programs\MiKTeX 2.9\tex\latex\lm\omxlmex.fd"
File: omxlmex.fd 2009/10/30 v1.6 Font defs for Latin Modern
)
LaTeX Font Info:    External font `lmex10' loaded for size
(Font)              <12> on input line 19.
LaTeX Font Info:    External font `lmex10' loaded for size
(Font)              <8> on input line 19.
LaTeX Font Info:    External font `lmex10' loaded for size
(Font)              <6> on input line 19.
)
[1


{C:/Users/qwerty/AppData/Local/MiKTeX/2.9/pdftex/config/pdftex.map} <./pics/fav
logo.pdf>] (freq.toc)
\tf@toc=\write4
\openout4 = `freq.toc'.

 [2

]
LaTeX Font Info:    Try loading font information for T1+lmtt on input line 39.

("C:\Users\qwerty\AppData\Local\Programs\MiKTeX 2.9\tex\latex\lm\t1lmtt.fd"
File: t1lmtt.fd 2009/10/30 v1.6 Font defs for Latin Modern
)
("C:\Users\qwerty\AppData\Local\Programs\MiKTeX 2.9\tex\latex\ucs\uni-32.def"
File: uni-32.def 2013/05/13 UCS: Unicode data U+2000..U+20FF
)
Overfull \hbox (5.6001pt too wide) in paragraph at lines 56--62
\T1/lmr/m/n/12 Li-nuxu p°i-pravte sou-bor po-jme-no-vaný \T1/lmtt/m/n/12 makefi
le \T1/lmr/m/n/12 a pro Win-dows \T1/lmtt/m/n/12 makefile.win\T1/lmr/m/n/12 )
 []

<pics/zadaniimg.pdf, id=19, 350.23045pt x 173.448pt>
File: pics/zadaniimg.pdf Graphic file (type pdf)
 <use pics/zadaniimg.pdf>
Package pdftex.def Info: pics/zadaniimg.pdf used on input line 65.
(pdftex.def)             Requested size: 318.67207pt x 157.82204pt.

[1

] <pics/uml.pdf, id=26, 538.01pt x 706.64pt>
File: pics/uml.pdf Graphic file (type pdf)
 <use pics/uml.pdf>
Package pdftex.def Info: pics/uml.pdf used on input line 97.
(pdftex.def)             Requested size: 358.50227pt x 470.86934pt.
 [2 <./pics/zadaniimg.pdf>] [3 <./pics/uml.pdf>] [4]
LaTeX Font Info:    Font shape `T1/lmtt/bx/n' in size <12> not available
(Font)              Font shape `T1/lmtt/b/n' tried instead on input line 184.
 [5] [6]
<pics/windows.png, id=628, 750.55406pt x 333.49594pt>
File: pics/windows.png Graphic file (type png)
 <use pics/windows.png>
Package pdftex.def Info: pics/windows.png used on input line 230.
(pdftex.def)             Requested size: 358.50227pt x 159.29765pt.

<pics/linux.png, id=629, 581.17125pt x 409.53pt>
File: pics/linux.png Graphic file (type png)
 <use pics/linux.png>
Package pdftex.def Info: pics/linux.png used on input line 246.
(pdftex.def)             Requested size: 298.75392pt x 210.51974pt.
 [7 <./pics/windows.png>] [8 <./pics/linux.png>] (freq.aux) ) 
Here is how much of TeX's memory you used:
 15176 strings out of 493634
 286638 string characters out of 3134832
 322137 words of memory out of 3000000
 18249 multiletter control sequences out of 15000+200000
 41624 words of font info for 36 fonts, out of 3000000 for 9000
 1025 hyphenation exceptions out of 8191
 62i,6n,56p,956b,580s stack positions out of 5000i,500n,10000p,200000b,50000s
{C:/Users/qwerty/A
ppData/Local/Programs/MiKTeX 2.9/fonts/enc/dvips/lm/lm-ec.enc}<C:/Users/qwerty/
AppData/Local/Programs/MiKTeX 2.9/fonts/type1/public/lm/lmbx12.pfb><C:/Users/qw
erty/AppData/Local/Programs/MiKTeX 2.9/fonts/type1/public/lm/lmr12.pfb><C:/User
s/qwerty/AppData/Local/Programs/MiKTeX 2.9/fonts/type1/public/lm/lmr8.pfb><C:/U
sers/qwerty/AppData/Local/Programs/MiKTeX 2.9/fonts/type1/public/lm/lmri12.pfb>
<C:/Users/qwerty/AppData/Local/Programs/MiKTeX 2.9/fonts/type1/public/lm/lmtk10
.pfb><C:/Users/qwerty/AppData/Local/Programs/MiKTeX 2.9/fonts/type1/public/lm/l
mtt12.pfb>
Output written on freq.pdf (10 pages, 308366 bytes).
PDF statistics:
 659 PDF objects out of 1000 (max. 8388607)
 0 named destinations out of 1000 (max. 500000)
 38 words of extra memory for PDF output out of 10000 (max. 10000000)

